{"C:\\Users\\User\\Documents\\ESCRITORIO\\Estudio\\ESTUDIO PROGRAMACION\\Portafolio\\acortador Node\\backend\\server.js": {"path":"C:\\Users\\User\\Documents\\ESCRITORIO\\Estudio\\ESTUDIO PROGRAMACION\\Portafolio\\acortador Node\\backend\\server.js","statementMap":{"0":{"start":{"line":1,"column":16},"end":{"line":1,"column":34}},"1":{"start":{"line":2,"column":17},"end":{"line":2,"column":36}},"2":{"start":{"line":3,"column":12},"end":{"line":3,"column":27}},"3":{"start":{"line":4,"column":15},"end":{"line":4,"column":32}},"4":{"start":{"line":5,"column":18},"end":{"line":5,"column":47}},"5":{"start":{"line":6,"column":0},"end":{"line":6,"column":26}},"6":{"start":{"line":7,"column":18},"end":{"line":7,"column":48}},"7":{"start":{"line":8,"column":21},"end":{"line":8,"column":61}},"8":{"start":{"line":9,"column":12},"end":{"line":9,"column":21}},"9":{"start":{"line":10,"column":0},"end":{"line":10,"column":17}},"10":{"start":{"line":11,"column":0},"end":{"line":15,"column":3}},"11":{"start":{"line":17,"column":16},"end":{"line":21,"column":2}},"12":{"start":{"line":23,"column":0},"end":{"line":23,"column":24}},"13":{"start":{"line":25,"column":0},"end":{"line":25,"column":23}},"14":{"start":{"line":26,"column":0},"end":{"line":26,"column":45}},"15":{"start":{"line":27,"column":0},"end":{"line":33,"column":1}},"16":{"start":{"line":28,"column":4},"end":{"line":32,"column":66}},"17":{"start":{"line":31,"column":16},"end":{"line":31,"column":61}},"18":{"start":{"line":32,"column":18},"end":{"line":32,"column":65}},"19":{"start":{"line":34,"column":0},"end":{"line":34,"column":34}},"20":{"start":{"line":35,"column":0},"end":{"line":40,"column":2}},"21":{"start":{"line":36,"column":4},"end":{"line":39,"column":6}},"22":{"start":{"line":41,"column":0},"end":{"line":41,"column":21}},"23":{"start":{"line":42,"column":0},"end":{"line":44,"column":2}},"24":{"start":{"line":43,"column":4},"end":{"line":43,"column":51}},"25":{"start":{"line":45,"column":13},"end":{"line":45,"column":37}},"26":{"start":{"line":47,"column":0},"end":{"line":51,"column":1}},"27":{"start":{"line":48,"column":4},"end":{"line":50,"column":6}},"28":{"start":{"line":49,"column":8},"end":{"line":49,"column":71}},"29":{"start":{"line":53,"column":0},"end":{"line":53,"column":20}}},"fnMap":{"0":{"name":"(anonymous_0)","decl":{"start":{"line":31,"column":10},"end":{"line":31,"column":11}},"loc":{"start":{"line":31,"column":16},"end":{"line":31,"column":61}},"line":31},"1":{"name":"(anonymous_1)","decl":{"start":{"line":32,"column":11},"end":{"line":32,"column":12}},"loc":{"start":{"line":32,"column":18},"end":{"line":32,"column":65}},"line":32},"2":{"name":"(anonymous_2)","decl":{"start":{"line":35,"column":23},"end":{"line":35,"column":24}},"loc":{"start":{"line":35,"column":34},"end":{"line":40,"column":1}},"line":35},"3":{"name":"(anonymous_3)","decl":{"start":{"line":42,"column":8},"end":{"line":42,"column":9}},"loc":{"start":{"line":42,"column":19},"end":{"line":44,"column":1}},"line":42},"4":{"name":"(anonymous_4)","decl":{"start":{"line":48,"column":21},"end":{"line":48,"column":22}},"loc":{"start":{"line":48,"column":27},"end":{"line":50,"column":5}},"line":48}},"branchMap":{"0":{"loc":{"start":{"line":12,"column":12},"end":{"line":12,"column":63}},"type":"binary-expr","locations":[{"start":{"line":12,"column":12},"end":{"line":12,"column":36}},{"start":{"line":12,"column":40},"end":{"line":12,"column":63}}],"line":12},"1":{"loc":{"start":{"line":27,"column":0},"end":{"line":33,"column":1}},"type":"if","locations":[{"start":{"line":27,"column":0},"end":{"line":33,"column":1}},{"start":{},"end":{}}],"line":27},"2":{"loc":{"start":{"line":29,"column":8},"end":{"line":29,"column":76}},"type":"binary-expr","locations":[{"start":{"line":29,"column":8},"end":{"line":29,"column":31}},{"start":{"line":29,"column":35},"end":{"line":29,"column":76}}],"line":29},"3":{"loc":{"start":{"line":45,"column":13},"end":{"line":45,"column":37}},"type":"binary-expr","locations":[{"start":{"line":45,"column":13},"end":{"line":45,"column":29}},{"start":{"line":45,"column":33},"end":{"line":45,"column":37}}],"line":45},"4":{"loc":{"start":{"line":47,"column":0},"end":{"line":51,"column":1}},"type":"if","locations":[{"start":{"line":47,"column":0},"end":{"line":51,"column":1}},{"start":{},"end":{}}],"line":47}},"s":{"0":1,"1":1,"2":1,"3":1,"4":1,"5":1,"6":1,"7":1,"8":1,"9":1,"10":1,"11":1,"12":1,"13":1,"14":1,"15":1,"16":0,"17":0,"18":0,"19":1,"20":1,"21":0,"22":1,"23":1,"24":0,"25":1,"26":1,"27":0,"28":0,"29":1},"f":{"0":0,"1":0,"2":0,"3":0,"4":0},"b":{"0":[1,0],"1":[0,1],"2":[0,0],"3":[1,0],"4":[0,1]},"_coverageSchema":"1a1c01bbd47fc00a2c39e90264f33305004495a9","hash":"076b43573f318f32c6b83a157552d42a5bbca698"}
,"C:\\Users\\User\\Documents\\ESCRITORIO\\Estudio\\ESTUDIO PROGRAMACION\\Portafolio\\acortador Node\\backend\\controllers\\url.controllers.js": {"path":"C:\\Users\\User\\Documents\\ESCRITORIO\\Estudio\\ESTUDIO PROGRAMACION\\Portafolio\\acortador Node\\backend\\controllers\\url.controllers.js","statementMap":{"0":{"start":{"line":1,"column":12},"end":{"line":1,"column":42}},"1":{"start":{"line":2,"column":29},"end":{"line":2,"column":63}},"2":{"start":{"line":6,"column":8},"end":{"line":33,"column":9}},"3":{"start":{"line":7,"column":24},"end":{"line":7,"column":32}},"4":{"start":{"line":8,"column":28},"end":{"line":8,"column":47}},"5":{"start":{"line":9,"column":27},"end":{"line":9,"column":28}},"6":{"start":{"line":10,"column":30},"end":{"line":10,"column":32}},"7":{"start":{"line":11,"column":12},"end":{"line":19,"column":13}},"8":{"start":{"line":12,"column":36},"end":{"line":12,"column":66}},"9":{"start":{"line":14,"column":16},"end":{"line":14,"column":38}},"10":{"start":{"line":14,"column":33},"end":{"line":14,"column":38}},"11":{"start":{"line":15,"column":16},"end":{"line":15,"column":47}},"12":{"start":{"line":17,"column":16},"end":{"line":17,"column":26}},"13":{"start":{"line":21,"column":12},"end":{"line":23,"column":13}},"14":{"start":{"line":22,"column":16},"end":{"line":22,"column":92}},"15":{"start":{"line":24,"column":27},"end":{"line":27,"column":14}},"16":{"start":{"line":28,"column":12},"end":{"line":28,"column":31}},"17":{"start":{"line":29,"column":12},"end":{"line":29,"column":49}},"18":{"start":{"line":32,"column":12},"end":{"line":32,"column":23}},"19":{"start":{"line":36,"column":4},"end":{"line":49,"column":5}},"20":{"start":{"line":37,"column":26},"end":{"line":37,"column":36}},"21":{"start":{"line":38,"column":20},"end":{"line":42,"column":9}},"22":{"start":{"line":43,"column":8},"end":{"line":45,"column":9}},"23":{"start":{"line":44,"column":11},"end":{"line":44,"column":69}},"24":{"start":{"line":46,"column":8},"end":{"line":46,"column":42}},"25":{"start":{"line":48,"column":8},"end":{"line":48,"column":20}},"26":{"start":{"line":53,"column":8},"end":{"line":69,"column":9}},"27":{"start":{"line":54,"column":30},"end":{"line":54,"column":40}},"28":{"start":{"line":55,"column":24},"end":{"line":55,"column":32}},"29":{"start":{"line":57,"column":31},"end":{"line":61,"column":13}},"30":{"start":{"line":63,"column":12},"end":{"line":65,"column":13}},"31":{"start":{"line":64,"column":16},"end":{"line":64,"column":74}},"32":{"start":{"line":66,"column":12},"end":{"line":66,"column":53}},"33":{"start":{"line":68,"column":12},"end":{"line":68,"column":23}},"34":{"start":{"line":73,"column":8},"end":{"line":83,"column":9}},"35":{"start":{"line":74,"column":29},"end":{"line":74,"column":39}},"36":{"start":{"line":75,"column":31},"end":{"line":75,"column":72}},"37":{"start":{"line":77,"column":12},"end":{"line":79,"column":13}},"38":{"start":{"line":78,"column":15},"end":{"line":78,"column":73}},"39":{"start":{"line":80,"column":12},"end":{"line":80,"column":34}},"40":{"start":{"line":82,"column":12},"end":{"line":82,"column":24}},"41":{"start":{"line":87,"column":8},"end":{"line":98,"column":9}},"42":{"start":{"line":88,"column":30},"end":{"line":88,"column":40}},"43":{"start":{"line":89,"column":24},"end":{"line":89,"column":54}},"44":{"start":{"line":91,"column":12},"end":{"line":93,"column":13}},"45":{"start":{"line":92,"column":16},"end":{"line":92,"column":67}},"46":{"start":{"line":94,"column":12},"end":{"line":94,"column":46}},"47":{"start":{"line":97,"column":12},"end":{"line":97,"column":23}},"48":{"start":{"line":102,"column":0},"end":{"line":102,"column":35}}},"fnMap":{"0":{"name":"(anonymous_0)","decl":{"start":{"line":5,"column":4},"end":{"line":5,"column":5}},"loc":{"start":{"line":5,"column":38},"end":{"line":34,"column":5}},"line":5},"1":{"name":"(anonymous_1)","decl":{"start":{"line":35,"column":4},"end":{"line":35,"column":5}},"loc":{"start":{"line":35,"column":31},"end":{"line":50,"column":1}},"line":35},"2":{"name":"(anonymous_2)","decl":{"start":{"line":52,"column":4},"end":{"line":52,"column":5}},"loc":{"start":{"line":52,"column":34},"end":{"line":70,"column":5}},"line":52},"3":{"name":"(anonymous_3)","decl":{"start":{"line":72,"column":4},"end":{"line":72,"column":5}},"loc":{"start":{"line":72,"column":34},"end":{"line":84,"column":5}},"line":72},"4":{"name":"(anonymous_4)","decl":{"start":{"line":86,"column":4},"end":{"line":86,"column":5}},"loc":{"start":{"line":86,"column":36},"end":{"line":100,"column":5}},"line":86}},"branchMap":{"0":{"loc":{"start":{"line":14,"column":16},"end":{"line":14,"column":38}},"type":"if","locations":[{"start":{"line":14,"column":16},"end":{"line":14,"column":38}},{"start":{},"end":{}}],"line":14},"1":{"loc":{"start":{"line":21,"column":12},"end":{"line":23,"column":13}},"type":"if","locations":[{"start":{"line":21,"column":12},"end":{"line":23,"column":13}},{"start":{},"end":{}}],"line":21},"2":{"loc":{"start":{"line":43,"column":8},"end":{"line":45,"column":9}},"type":"if","locations":[{"start":{"line":43,"column":8},"end":{"line":45,"column":9}},{"start":{},"end":{}}],"line":43},"3":{"loc":{"start":{"line":63,"column":12},"end":{"line":65,"column":13}},"type":"if","locations":[{"start":{"line":63,"column":12},"end":{"line":65,"column":13}},{"start":{},"end":{}}],"line":63},"4":{"loc":{"start":{"line":77,"column":12},"end":{"line":79,"column":13}},"type":"if","locations":[{"start":{"line":77,"column":12},"end":{"line":79,"column":13}},{"start":{},"end":{}}],"line":77},"5":{"loc":{"start":{"line":91,"column":12},"end":{"line":93,"column":13}},"type":"if","locations":[{"start":{"line":91,"column":12},"end":{"line":93,"column":13}},{"start":{},"end":{}}],"line":91}},"s":{"0":1,"1":1,"2":11,"3":11,"4":11,"5":11,"6":11,"7":11,"8":11,"9":11,"10":11,"11":0,"12":0,"13":11,"14":0,"15":11,"16":11,"17":11,"18":0,"19":13,"20":13,"21":13,"22":13,"23":2,"24":11,"25":0,"26":3,"27":3,"28":3,"29":3,"30":3,"31":1,"32":2,"33":0,"34":2,"35":2,"36":2,"37":2,"38":1,"39":1,"40":0,"41":3,"42":3,"43":3,"44":3,"45":0,"46":3,"47":0,"48":1},"f":{"0":11,"1":13,"2":3,"3":2,"4":3},"b":{"0":[11,0],"1":[0,11],"2":[2,11],"3":[1,2],"4":[1,1],"5":[0,3]},"_coverageSchema":"1a1c01bbd47fc00a2c39e90264f33305004495a9","hash":"c36b1b2a18ea0cdea8fd18ac2006c09fcc47e8af"}
,"C:\\Users\\User\\Documents\\ESCRITORIO\\Estudio\\ESTUDIO PROGRAMACION\\Portafolio\\acortador Node\\backend\\middleware\\error.middleware.js": {"path":"C:\\Users\\User\\Documents\\ESCRITORIO\\Estudio\\ESTUDIO PROGRAMACION\\Portafolio\\acortador Node\\backend\\middleware\\error.middleware.js","statementMap":{"0":{"start":{"line":2,"column":4},"end":{"line":2,"column":28}},"1":{"start":{"line":4,"column":4},"end":{"line":9,"column":5}},"2":{"start":{"line":6,"column":25},"end":{"line":6,"column":68}},"3":{"start":{"line":6,"column":58},"end":{"line":6,"column":67}},"4":{"start":{"line":8,"column":8},"end":{"line":8,"column":63}},"5":{"start":{"line":10,"column":4},"end":{"line":12,"column":5}},"6":{"start":{"line":11,"column":8},"end":{"line":11,"column":64}},"7":{"start":{"line":14,"column":4},"end":{"line":16,"column":5}},"8":{"start":{"line":15,"column":8},"end":{"line":15,"column":72}},"9":{"start":{"line":18,"column":4},"end":{"line":22,"column":6}},"10":{"start":{"line":26,"column":0},"end":{"line":26,"column":29}}},"fnMap":{"0":{"name":"errorHandler","decl":{"start":{"line":1,"column":9},"end":{"line":1,"column":21}},"loc":{"start":{"line":1,"column":39},"end":{"line":24,"column":1}},"line":1},"1":{"name":"(anonymous_1)","decl":{"start":{"line":6,"column":55},"end":{"line":6,"column":56}},"loc":{"start":{"line":6,"column":58},"end":{"line":6,"column":67}},"line":6}},"branchMap":{"0":{"loc":{"start":{"line":4,"column":4},"end":{"line":9,"column":5}},"type":"if","locations":[{"start":{"line":4,"column":4},"end":{"line":9,"column":5}},{"start":{},"end":{}}],"line":4},"1":{"loc":{"start":{"line":10,"column":4},"end":{"line":12,"column":5}},"type":"if","locations":[{"start":{"line":10,"column":4},"end":{"line":12,"column":5}},{"start":{},"end":{}}],"line":10},"2":{"loc":{"start":{"line":14,"column":4},"end":{"line":16,"column":5}},"type":"if","locations":[{"start":{"line":14,"column":4},"end":{"line":16,"column":5}},{"start":{},"end":{}}],"line":14},"3":{"loc":{"start":{"line":21,"column":17},"end":{"line":21,"column":77}},"type":"cond-expr","locations":[{"start":{"line":21,"column":56},"end":{"line":21,"column":67}},{"start":{"line":21,"column":68},"end":{"line":21,"column":77}}],"line":21}},"s":{"0":0,"1":0,"2":0,"3":0,"4":0,"5":0,"6":0,"7":0,"8":0,"9":0,"10":1},"f":{"0":0,"1":0},"b":{"0":[0,0],"1":[0,0],"2":[0,0],"3":[0,0]},"_coverageSchema":"1a1c01bbd47fc00a2c39e90264f33305004495a9","hash":"8bb888abb1c28d44860d2d8b88dd5d0d327cdfd0"}
,"C:\\Users\\User\\Documents\\ESCRITORIO\\Estudio\\ESTUDIO PROGRAMACION\\Portafolio\\acortador Node\\backend\\middleware\\validation.middleware.js": {"path":"C:\\Users\\User\\Documents\\ESCRITORIO\\Estudio\\ESTUDIO PROGRAMACION\\Portafolio\\acortador Node\\backend\\middleware\\validation.middleware.js","statementMap":{"0":{"start":{"line":2,"column":17},"end":{"line":2,"column":25}},"1":{"start":{"line":4,"column":4},"end":{"line":6,"column":5}},"2":{"start":{"line":5,"column":7},"end":{"line":5,"column":62}},"3":{"start":{"line":8,"column":3},"end":{"line":10,"column":4}},"4":{"start":{"line":9,"column":4},"end":{"line":9,"column":73}},"5":{"start":{"line":12,"column":21},"end":{"line":12,"column":41}},"6":{"start":{"line":14,"column":3},"end":{"line":16,"column":4}},"7":{"start":{"line":15,"column":4},"end":{"line":15,"column":61}},"8":{"start":{"line":17,"column":3},"end":{"line":19,"column":4}},"9":{"start":{"line":18,"column":4},"end":{"line":18,"column":58}},"10":{"start":{"line":21,"column":3},"end":{"line":21,"column":9}},"11":{"start":{"line":25,"column":4},"end":{"line":25,"column":49}},"12":{"start":{"line":26,"column":4},"end":{"line":26,"column":61}},"13":{"start":{"line":27,"column":24},"end":{"line":27,"column":34}},"14":{"start":{"line":28,"column":4},"end":{"line":31,"column":5}},"15":{"start":{"line":29,"column":8},"end":{"line":29,"column":69}},"16":{"start":{"line":32,"column":4},"end":{"line":34,"column":5}},"17":{"start":{"line":33,"column":8},"end":{"line":33,"column":72}},"18":{"start":{"line":35,"column":4},"end":{"line":35,"column":11}},"19":{"start":{"line":37,"column":0},"end":{"line":37,"column":46}}},"fnMap":{"0":{"name":"validateUrl","decl":{"start":{"line":1,"column":9},"end":{"line":1,"column":20}},"loc":{"start":{"line":1,"column":34},"end":{"line":22,"column":1}},"line":1},"1":{"name":"validateShortCode","decl":{"start":{"line":24,"column":9},"end":{"line":24,"column":26}},"loc":{"start":{"line":24,"column":40},"end":{"line":36,"column":1}},"line":24}},"branchMap":{"0":{"loc":{"start":{"line":4,"column":4},"end":{"line":6,"column":5}},"type":"if","locations":[{"start":{"line":4,"column":4},"end":{"line":6,"column":5}},{"start":{},"end":{}}],"line":4},"1":{"loc":{"start":{"line":8,"column":3},"end":{"line":10,"column":4}},"type":"if","locations":[{"start":{"line":8,"column":3},"end":{"line":10,"column":4}},{"start":{},"end":{}}],"line":8},"2":{"loc":{"start":{"line":8,"column":6},"end":{"line":8,"column":54}},"type":"binary-expr","locations":[{"start":{"line":8,"column":6},"end":{"line":8,"column":28}},{"start":{"line":8,"column":32},"end":{"line":8,"column":54}}],"line":8},"3":{"loc":{"start":{"line":14,"column":3},"end":{"line":16,"column":4}},"type":"if","locations":[{"start":{"line":14,"column":3},"end":{"line":16,"column":4}},{"start":{},"end":{}}],"line":14},"4":{"loc":{"start":{"line":17,"column":3},"end":{"line":19,"column":4}},"type":"if","locations":[{"start":{"line":17,"column":3},"end":{"line":19,"column":4}},{"start":{},"end":{}}],"line":17},"5":{"loc":{"start":{"line":28,"column":4},"end":{"line":31,"column":5}},"type":"if","locations":[{"start":{"line":28,"column":4},"end":{"line":31,"column":5}},{"start":{},"end":{}}],"line":28},"6":{"loc":{"start":{"line":32,"column":4},"end":{"line":34,"column":5}},"type":"if","locations":[{"start":{"line":32,"column":4},"end":{"line":34,"column":5}},{"start":{},"end":{}}],"line":32}},"s":{"0":19,"1":19,"2":1,"3":18,"4":1,"5":17,"6":17,"7":2,"8":15,"9":1,"10":14,"11":24,"12":24,"13":24,"14":24,"15":0,"16":24,"17":2,"18":22,"19":1},"f":{"0":19,"1":24},"b":{"0":[1,18],"1":[1,17],"2":[18,18],"3":[2,15],"4":[1,14],"5":[0,24],"6":[2,22]},"_coverageSchema":"1a1c01bbd47fc00a2c39e90264f33305004495a9","hash":"f1b6e0f48ad54d6031fb03463d6cf7f7fcbbd796"}
,"C:\\Users\\User\\Documents\\ESCRITORIO\\Estudio\\ESTUDIO PROGRAMACION\\Portafolio\\acortador Node\\backend\\models\\Url.model.js": {"path":"C:\\Users\\User\\Documents\\ESCRITORIO\\Estudio\\ESTUDIO PROGRAMACION\\Portafolio\\acortador Node\\backend\\models\\Url.model.js","statementMap":{"0":{"start":{"line":1,"column":17},"end":{"line":1,"column":36}},"1":{"start":{"line":2,"column":20},"end":{"line":37,"column":2}},"2":{"start":{"line":10,"column":16},"end":{"line":10,"column":51}},"3":{"start":{"line":12,"column":24},"end":{"line":12,"column":58}},"4":{"start":{"line":39,"column":0},"end":{"line":45,"column":1}},"5":{"start":{"line":40,"column":15},"end":{"line":40,"column":30}},"6":{"start":{"line":41,"column":4},"end":{"line":41,"column":31}},"7":{"start":{"line":42,"column":4},"end":{"line":42,"column":18}},"8":{"start":{"line":43,"column":4},"end":{"line":43,"column":18}},"9":{"start":{"line":44,"column":4},"end":{"line":44,"column":14}},"10":{"start":{"line":47,"column":0},"end":{"line":47,"column":47}}},"fnMap":{"0":{"name":"(anonymous_0)","decl":{"start":{"line":9,"column":23},"end":{"line":9,"column":24}},"loc":{"start":{"line":9,"column":34},"end":{"line":11,"column":9}},"line":9},"1":{"name":"(anonymous_1)","decl":{"start":{"line":12,"column":17},"end":{"line":12,"column":18}},"loc":{"start":{"line":12,"column":24},"end":{"line":12,"column":58}},"line":12},"2":{"name":"(anonymous_2)","decl":{"start":{"line":39,"column":27},"end":{"line":39,"column":28}},"loc":{"start":{"line":39,"column":37},"end":{"line":45,"column":1}},"line":39}},"branchMap":{},"s":{"0":1,"1":1,"2":14,"3":0,"4":1,"5":27,"6":27,"7":27,"8":27,"9":27,"10":1},"f":{"0":14,"1":0,"2":27},"b":{},"_coverageSchema":"1a1c01bbd47fc00a2c39e90264f33305004495a9","hash":"a1d730bba43aceb90a6be24db595e8220f6c3e3c"}
,"C:\\Users\\User\\Documents\\ESCRITORIO\\Estudio\\ESTUDIO PROGRAMACION\\Portafolio\\acortador Node\\backend\\routes\\url.routes.js": {"path":"C:\\Users\\User\\Documents\\ESCRITORIO\\Estudio\\ESTUDIO PROGRAMACION\\Portafolio\\acortador Node\\backend\\routes\\url.routes.js","statementMap":{"0":{"start":{"line":1,"column":16},"end":{"line":1,"column":34}},"1":{"start":{"line":2,"column":15},"end":{"line":2,"column":31}},"2":{"start":{"line":4,"column":22},"end":{"line":4,"column":63}},"3":{"start":{"line":7,"column":39},"end":{"line":7,"column":85}},"4":{"start":{"line":9,"column":0},"end":{"line":9,"column":57}},"5":{"start":{"line":11,"column":0},"end":{"line":11,"column":64}},"6":{"start":{"line":13,"column":0},"end":{"line":13,"column":79}},"7":{"start":{"line":15,"column":0},"end":{"line":15,"column":70}},"8":{"start":{"line":17,"column":0},"end":{"line":17,"column":76}},"9":{"start":{"line":19,"column":0},"end":{"line":19,"column":21}}},"fnMap":{},"branchMap":{},"s":{"0":1,"1":1,"2":1,"3":1,"4":1,"5":1,"6":1,"7":1,"8":1,"9":1},"f":{},"b":{},"_coverageSchema":"1a1c01bbd47fc00a2c39e90264f33305004495a9","hash":"3a5ddcbcdb391597701f32d5e1d93864476fa99e"}
,"C:\\Users\\User\\Documents\\ESCRITORIO\\Estudio\\ESTUDIO PROGRAMACION\\Portafolio\\acortador Node\\backend\\utils\\shortcode.util.js": {"path":"C:\\Users\\User\\Documents\\ESCRITORIO\\Estudio\\ESTUDIO PROGRAMACION\\Portafolio\\acortador Node\\backend\\utils\\shortcode.util.js","statementMap":{"0":{"start":{"line":1,"column":15},"end":{"line":1,"column":32}},"1":{"start":{"line":4,"column":21},"end":{"line":4,"column":85}},"2":{"start":{"line":6,"column":18},"end":{"line":6,"column":20}},"3":{"start":{"line":8,"column":23},"end":{"line":8,"column":49}},"4":{"start":{"line":10,"column":4},"end":{"line":15,"column":5}},"5":{"start":{"line":10,"column":17},"end":{"line":10,"column":18}},"6":{"start":{"line":11,"column":28},"end":{"line":11,"column":61}},"7":{"start":{"line":13,"column":8},"end":{"line":13,"column":44}},"8":{"start":{"line":16,"column":4},"end":{"line":16,"column":20}},"9":{"start":{"line":20,"column":0},"end":{"line":20,"column":34}}},"fnMap":{"0":{"name":"generateShortCode","decl":{"start":{"line":3,"column":9},"end":{"line":3,"column":26}},"loc":{"start":{"line":3,"column":36},"end":{"line":18,"column":1}},"line":3}},"branchMap":{"0":{"loc":{"start":{"line":3,"column":27},"end":{"line":3,"column":35}},"type":"default-arg","locations":[{"start":{"line":3,"column":34},"end":{"line":3,"column":35}}],"line":3}},"s":{"0":1,"1":11,"2":11,"3":11,"4":11,"5":11,"6":66,"7":66,"8":11,"9":1},"f":{"0":11},"b":{"0":[11]},"_coverageSchema":"1a1c01bbd47fc00a2c39e90264f33305004495a9","hash":"a1a13e7f5c3882a08314f5176f3d7f47650f6f18"}
}
