TN:
SF:server.js
FN:31,(anonymous_0)
FN:32,(anonymous_1)
FN:35,(anonymous_2)
FN:42,(anonymous_3)
FN:48,(anonymous_4)
FNF:5
FNH:0
FNDA:0,(anonymous_0)
FNDA:0,(anonymous_1)
FNDA:0,(anonymous_2)
FNDA:0,(anonymous_3)
FNDA:0,(anonymous_4)
DA:1,1
DA:2,1
DA:3,1
DA:4,1
DA:5,1
DA:6,1
DA:7,1
DA:8,1
DA:9,1
DA:10,1
DA:11,1
DA:17,1
DA:23,1
DA:25,1
DA:26,1
DA:27,1
DA:28,0
DA:31,0
DA:32,0
DA:34,1
DA:35,1
DA:36,0
DA:41,1
DA:42,1
DA:43,0
DA:45,1
DA:47,1
DA:48,0
DA:49,0
DA:53,1
LF:30
LH:23
BRDA:12,0,0,1
BRDA:12,0,1,0
BRDA:27,1,0,0
BRDA:27,1,1,1
BRDA:29,2,0,0
BRDA:29,2,1,0
BRDA:45,3,0,1
BRDA:45,3,1,0
BRDA:47,4,0,0
BRDA:47,4,1,1
BRF:10
BRH:4
end_of_record
TN:
SF:controllers\url.controllers.js
FN:5,(anonymous_0)
FN:35,(anonymous_1)
FN:52,(anonymous_2)
FN:72,(anonymous_3)
FN:86,(anonymous_4)
FNF:5
FNH:5
FNDA:11,(anonymous_0)
FNDA:13,(anonymous_1)
FNDA:3,(anonymous_2)
FNDA:2,(anonymous_3)
FNDA:3,(anonymous_4)
DA:1,1
DA:2,1
DA:6,11
DA:7,11
DA:8,11
DA:9,11
DA:10,11
DA:11,11
DA:12,11
DA:14,11
DA:15,0
DA:17,0
DA:21,11
DA:22,0
DA:24,11
DA:28,11
DA:29,11
DA:32,0
DA:36,13
DA:37,13
DA:38,13
DA:43,13
DA:44,2
DA:46,11
DA:48,0
DA:53,3
DA:54,3
DA:55,3
DA:57,3
DA:63,3
DA:64,1
DA:66,2
DA:68,0
DA:73,2
DA:74,2
DA:75,2
DA:77,2
DA:78,1
DA:80,1
DA:82,0
DA:87,3
DA:88,3
DA:89,3
DA:91,3
DA:92,0
DA:94,3
DA:97,0
DA:102,1
LF:48
LH:39
BRDA:14,0,0,11
BRDA:14,0,1,0
BRDA:21,1,0,0
BRDA:21,1,1,11
BRDA:43,2,0,2
BRDA:43,2,1,11
BRDA:63,3,0,1
BRDA:63,3,1,2
BRDA:77,4,0,1
BRDA:77,4,1,1
BRDA:91,5,0,0
BRDA:91,5,1,3
BRF:12
BRH:9
end_of_record
TN:
SF:middleware\error.middleware.js
FN:1,errorHandler
FN:6,(anonymous_1)
FNF:2
FNH:0
FNDA:0,errorHandler
FNDA:0,(anonymous_1)
DA:2,0
DA:4,0
DA:6,0
DA:8,0
DA:10,0
DA:11,0
DA:14,0
DA:15,0
DA:18,0
DA:26,1
LF:10
LH:1
BRDA:4,0,0,0
BRDA:4,0,1,0
BRDA:10,1,0,0
BRDA:10,1,1,0
BRDA:14,2,0,0
BRDA:14,2,1,0
BRDA:21,3,0,0
BRDA:21,3,1,0
BRF:8
BRH:0
end_of_record
TN:
SF:middleware\validation.middleware.js
FN:1,validateUrl
FN:24,validateShortCode
FNF:2
FNH:2
FNDA:19,validateUrl
FNDA:24,validateShortCode
DA:2,19
DA:4,19
DA:5,1
DA:8,18
DA:9,1
DA:12,17
DA:14,17
DA:15,2
DA:17,15
DA:18,1
DA:21,14
DA:25,24
DA:26,24
DA:27,24
DA:28,24
DA:29,0
DA:32,24
DA:33,2
DA:35,22
DA:37,1
LF:20
LH:19
BRDA:4,0,0,1
BRDA:4,0,1,18
BRDA:8,1,0,1
BRDA:8,1,1,17
BRDA:8,2,0,18
BRDA:8,2,1,18
BRDA:14,3,0,2
BRDA:14,3,1,15
BRDA:17,4,0,1
BRDA:17,4,1,14
BRDA:28,5,0,0
BRDA:28,5,1,24
BRDA:32,6,0,2
BRDA:32,6,1,22
BRF:14
BRH:13
end_of_record
TN:
SF:models\Url.model.js
FN:9,(anonymous_0)
FN:12,(anonymous_1)
FN:39,(anonymous_2)
FNF:3
FNH:2
FNDA:14,(anonymous_0)
FNDA:0,(anonymous_1)
FNDA:27,(anonymous_2)
DA:1,1
DA:2,1
DA:10,14
DA:12,0
DA:39,1
DA:40,27
DA:41,27
DA:42,27
DA:43,27
DA:44,27
DA:47,1
LF:11
LH:10
BRF:0
BRH:0
end_of_record
TN:
SF:routes\url.routes.js
FNF:0
FNH:0
DA:1,1
DA:2,1
DA:4,1
DA:7,1
DA:9,1
DA:11,1
DA:13,1
DA:15,1
DA:17,1
DA:19,1
LF:10
LH:10
BRF:0
BRH:0
end_of_record
TN:
SF:utils\shortcode.util.js
FN:3,generateShortCode
FNF:1
FNH:1
FNDA:11,generateShortCode
DA:1,1
DA:4,11
DA:6,11
DA:8,11
DA:10,11
DA:11,66
DA:13,66
DA:16,11
DA:20,1
LF:9
LH:9
BRDA:3,0,0,11
BRF:1
BRH:1
end_of_record
